<?xml version="1.0" encoding="UTF-8"?>
<!-- Generated by org.testng.reporters.JUnitReportReporter -->
<testsuite hostname="Sanchi-MacBook-Air.local" failures="0" tests="1" name="com.qa.tests.LoginTest" time="33.153" errors="0" timestamp="2023-12-27T18:07:18 IST" skipped="0">
  <testcase classname="com.qa.tests.LoginTest" name="validateLogin" time="33.153"/>
  <system-out/>
</testsuite> <!-- com.qa.tests.LoginTest -->
