<?xml version="1.0" encoding="UTF-8"?>
<!-- Generated by org.testng.reporters.JUnitReportReporter -->
<testsuite hostname="Sanchi-MacBook-Air.local" failures="0" tests="1" name="com.qa.tests.ContactPageTest" time="23.465" errors="0" timestamp="2024-01-16T14:41:32 IST" skipped="0">
  <testcase classname="com.qa.tests.ContactPageTest" name="VerifyContactlabel" time="23.465"/>
  <system-out/>
</testsuite> <!-- com.qa.tests.ContactPageTest -->
