<?xml version="1.0" encoding="UTF-8"?>
<!-- Generated by org.testng.reporters.JUnitReportReporter -->
<testsuite hostname="Sanchi-MacBook-Air.local" failures="0" tests="3" name="com.qa.tests.HomeTest" time="59.914" errors="0" timestamp="2024-01-16T13:42:48 IST" skipped="0">
  <testcase classname="com.qa.tests.HomeTest" name="verifyHomePageTitle" time="19.454"/>
  <system-out/>
  <testcase classname="com.qa.tests.HomeTest" name="VerifyusernameTest" time="19.295"/>
  <system-out/>
  <testcase classname="com.qa.tests.HomeTest" name="ClickonContactsPage" time="21.165"/>
  <system-out/>
</testsuite> <!-- com.qa.tests.HomeTest -->
